-- The C compiler identification is AppleClang 17.0.0.17000319
-- The CXX compiler identification is AppleClang 17.0.0.17000319
-- Detecting C compiler ABI info
-- Detecting C compiler ABI info - done
-- Check for working C compiler: /usr/bin/cc - skipped
-- Detecting C compile features
-- Detecting C compile features - done
-- Detecting CXX compiler ABI info
-- Detecting CXX compiler ABI info - done
-- Check for working CXX compiler: /usr/bin/clang++ - skipped
-- Detecting CXX compile features
-- Detecting CXX compile features - done
-- CMake version: 4.0.3
-- Project name: riot
-- Project source dir: /Users/stamm-a/Softs/riot/src
-- Project binary dir: /Users/stamm-a/Softs/riot/src/build
-- CMake module path: /Users/stamm-a/Softs/riot/src/cmake
-- R_INCLUDE_DIRS: /Library/Frameworks/R.framework/Resources/include
Loading required package: Rcpp
-- RCPP_INCLUDE_DIRS: /Users/stamm-a/Library/R/arm64/4.5/library/Rcpp/include
-- VTK_VERSION: 9.5.2
-- Configuring done (0.8s)
-- Generating done (0.0s)
-- Build files have been written to: /Users/stamm-a/Softs/riot/src/build
